<?xml version="1.0" encoding="UTF-8"?>
<!-- Generated by org.testng.reporters.JUnitReportReporter -->
<testsuite skipped="0" hostname="Betuls-Air.attlocal.net" name="com.Class12.FligthSearch" tests="1" failures="0" timestamp="02 Jun 2019 15:44:32 GMT" time="13.618" errors="0">
  <testcase name="searchFlight" time="13.618" classname="com.Class12.FligthSearch"/>
</testsuite> <!-- com.Class12.FligthSearch -->
