<?xml version="1.0" encoding="UTF-8"?>
<!-- Generated by org.testng.reporters.JUnitReportReporter -->
<testsuite skipped="0" hostname="Betuls-Air.attlocal.net" name="com.Class12.readingPropertyFile" tests="1" failures="0" timestamp="02 Jun 2019 17:53:07 GMT" time="2.622" errors="0">
  <testcase name="readFile" time="2.622" classname="com.Class12.readingPropertyFile"/>
</testsuite> <!-- com.Class12.readingPropertyFile -->
