<?xml version="1.0" encoding="UTF-8"?>
<!-- Generated by org.testng.reporters.JUnitReportReporter -->
<testsuite skipped="0" hostname="Betuls-Air.attlocal.net" name="com.Class12.task1" tests="1" failures="0" timestamp="02 Jun 2019 20:16:09 GMT" time="7.266" errors="0">
  <testcase name="login" time="7.266" classname="com.Class12.task1"/>
</testsuite> <!-- com.Class12.task1 -->
